TN:
SF:D:\learn\vue3-json-schame-form\lib\SchemaForm.tsx
FN:20,(anonymous_0)
FN:21,(anonymous_1)
FN:31,(anonymous_2)
FNF:3
FNH:3
FNDA:7,(anonymous_0)
FNDA:3,(anonymous_1)
FNDA:7,(anonymous_2)
DA:1,3
DA:3,3
DA:4,3
DA:5,3
DA:21,7
DA:22,3
DA:25,7
DA:29,7
DA:31,7
DA:32,7
DA:33,7
LF:11
LH:11
BRF:0
BRH:0
end_of_record
TN:
SF:D:\learn\vue3-json-schame-form\lib\SchemaItem.tsx
FN:12,(anonymous_0)
FN:13,(anonymous_1)
FN:17,(anonymous_2)
FNF:3
FNH:3
FNDA:17,(anonymous_0)
FNDA:20,(anonymous_1)
FNDA:23,(anonymous_2)
DA:1,3
DA:2,3
DA:3,3
DA:4,3
DA:5,3
DA:6,3
DA:8,3
DA:9,3
DA:13,17
DA:14,20
DA:15,20
DA:17,17
DA:18,23
DA:19,23
DA:20,23
DA:22,23
DA:24,9
DA:25,9
DA:28,8
DA:29,8
DA:32,3
DA:33,3
DA:36,3
DA:37,3
DA:40,0
DA:43,23
LF:26
LH:25
BRDA:23,0,0,9
BRDA:23,0,1,8
BRDA:23,0,2,3
BRDA:23,0,3,3
BRDA:23,0,4,0
BRF:5
BRH:4
end_of_record
TN:
SF:D:\learn\vue3-json-schame-form\lib\context.ts
FN:6,useVJSFContext
FNF:1
FNH:1
FNDA:8,useVJSFContext
DA:1,3
DA:4,3
DA:7,8
DA:10,8
DA:11,0
DA:13,8
LF:6
LH:5
BRDA:10,0,0,0
BRDA:10,0,1,8
BRF:2
BRH:1
end_of_record
TN:
SF:D:\learn\vue3-json-schame-form\lib\index.tsx
FN:9,(anonymous_6)
FNF:1
FNH:1
FNDA:18,(anonymous_6)
DA:1,3
DA:2,3
DA:3,3
DA:4,3
DA:5,3
DA:6,3
DA:7,3
DA:9,78
DA:10,3
LF:9
LH:9
BRDA:9,0,0,36
BRDA:9,0,1,72
BRF:2
BRH:2
end_of_record
TN:
SF:D:\learn\vue3-json-schame-form\lib\theme.tsx
FN:19,(anonymous_0)
FN:20,(anonymous_1)
FN:22,(anonymous_2)
FN:26,getWidget
FN:35,(anonymous_4)
FNF:5
FNH:5
FNDA:7,(anonymous_0)
FNDA:7,(anonymous_1)
FNDA:7,(anonymous_2)
FNDA:14,getWidget
FNDA:14,(anonymous_4)
DA:1,3
DA:10,3
DA:11,3
DA:20,7
DA:21,7
DA:22,7
DA:29,14
DA:32,14
DA:33,0
DA:35,14
DA:36,14
DA:38,14
DA:40,3
LF:13
LH:12
BRDA:22,0,0,7
BRDA:22,0,1,7
BRDA:32,1,0,0
BRDA:32,1,1,14
BRF:4
BRH:3
end_of_record
TN:
SF:D:\learn\vue3-json-schame-form\lib\types.ts
FN:3,(anonymous_0)
FN:99,(anonymous_1)
FN:102,(anonymous_2)
FNF:3
FNH:3
FNDA:3,(anonymous_0)
FNDA:3,(anonymous_1)
FNDA:3,(anonymous_2)
DA:3,3
DA:4,3
DA:5,3
DA:6,3
DA:7,3
DA:8,3
DA:9,3
DA:51,3
DA:76,3
DA:84,3
DA:99,3
DA:100,3
DA:102,3
DA:103,3
DA:104,3
LF:15
LH:15
BRDA:3,0,0,3
BRDA:3,0,1,3
BRDA:99,1,0,3
BRDA:99,1,1,3
BRDA:102,2,0,3
BRDA:102,2,1,3
BRF:6
BRH:6
end_of_record
TN:
SF:D:\learn\vue3-json-schame-form\lib\utils.ts
FN:9,isObject
FN:13,isEmptyObject
FN:17,hasOwnProperty
FN:30,validateData
FN:39,resolveSchema
FN:48,(anonymous_5)
FN:58,retrieveSchema
FN:98,stubExistingAdditionalProperties
FN:109,(anonymous_8)
FN:150,resolveReference
FN:159,findSchemaDefinition
FN:178,resolveDependencies
FN:198,processDependencies
FN:242,withDependentProperties
FN:252,withDependentSchema
FN:273,(anonymous_15)
FN:287,withExactlyOneSubschema
FN:294,(anonymous_17)
FN:336,mergeSchemas
FN:338,(anonymous_19)
FN:370,getSchemaType
FN:387,(anonymous_21)
FN:419,guessType
FN:437,isConstant
FN:444,isSelect
FN:450,(anonymous_25)
FN:455,isMultiSelect
FN:463,getMatchingOption
FN:482,(anonymous_28)
FN:522,mergeDefaultsWithFormData
FN:527,(anonymous_30)
FN:535,(anonymous_31)
FN:547,getDefaultFormState
FNF:33
FNH:4
FNDA:29,isObject
FNDA:0,isEmptyObject
FNDA:60,hasOwnProperty
FNDA:0,validateData
FNDA:20,resolveSchema
FNDA:0,(anonymous_5)
FNDA:20,retrieveSchema
FNDA:0,stubExistingAdditionalProperties
FNDA:0,(anonymous_8)
FNDA:0,resolveReference
FNDA:0,findSchemaDefinition
FNDA:0,resolveDependencies
FNDA:0,processDependencies
FNDA:0,withDependentProperties
FNDA:0,withDependentSchema
FNDA:0,(anonymous_15)
FNDA:0,withExactlyOneSubschema
FNDA:0,(anonymous_17)
FNDA:0,mergeSchemas
FNDA:0,(anonymous_19)
FNDA:0,getSchemaType
FNDA:0,(anonymous_21)
FNDA:0,guessType
FNDA:0,isConstant
FNDA:0,isSelect
FNDA:0,(anonymous_25)
FNDA:0,isMultiSelect
FNDA:0,getMatchingOption
FNDA:0,(anonymous_28)
FNDA:0,mergeDefaultsWithFormData
FNDA:0,(anonymous_30)
FNDA:0,(anonymous_31)
FNDA:0,getDefaultFormState
DA:1,3
DA:5,3
DA:6,3
DA:7,3
DA:10,29
DA:14,0
DA:22,60
DA:29,3
DA:31,0
DA:32,0
DA:40,20
DA:41,0
DA:42,20
DA:43,0
DA:44,0
DA:45,20
DA:46,0
DA:49,0
DA:54,20
DA:63,20
DA:64,0
DA:66,20
DA:69,20
DA:70,0
DA:71,0
DA:77,0
DA:78,0
DA:79,0
DA:83,20
DA:85,20
DA:87,0
DA:93,20
DA:96,3
DA:104,0
DA:109,0
DA:110,0
DA:112,0
DA:116,0
DA:117,0
DA:122,0
DA:123,0
DA:125,0
DA:129,0
DA:131,0
DA:134,0
DA:152,0
DA:154,0
DA:156,0
DA:160,0
DA:161,0
DA:163,0
DA:165,0
DA:167,0
DA:168,0
DA:169,0
DA:171,0
DA:173,0
DA:175,0
DA:184,0
DA:185,0
DA:186,0
DA:190,0
DA:191,0
DA:196,0
DA:205,0
DA:207,0
DA:208,0
DA:211,0
DA:215,0
DA:220,0
DA:221,0
DA:222,0
DA:223,0
DA:224,0
DA:232,0
DA:239,0
DA:243,0
DA:244,0
DA:246,0
DA:249,0
DA:260,0
DA:265,0
DA:267,0
DA:268,0
DA:269,0
DA:270,0
DA:273,0
DA:274,0
DA:278,0
DA:294,0
DA:295,0
DA:296,0
DA:298,0
DA:299,0
DA:300,0
DA:307,0
DA:308,0
DA:311,0
DA:312,0
DA:315,0
DA:318,0
DA:322,0
DA:323,0
DA:324,0
DA:337,0
DA:338,0
DA:339,0
DA:340,0
DA:341,0
DA:342,0
DA:343,0
DA:353,0
DA:355,0
DA:357,0
DA:371,0
DA:373,0
DA:374,0
DA:377,0
DA:378,0
DA:381,0
DA:382,0
DA:385,0
DA:386,0
DA:387,0
DA:390,0
DA:419,3
DA:420,0
DA:421,0
DA:422,0
DA:423,0
DA:424,0
DA:425,0
DA:426,0
DA:427,0
DA:428,0
DA:429,0
DA:430,0
DA:431,0
DA:434,0
DA:438,0
DA:445,0
DA:446,0
DA:447,0
DA:448,0
DA:449,0
DA:450,0
DA:452,0
DA:456,0
DA:457,0
DA:459,0
DA:468,0
DA:469,0
DA:478,0
DA:481,0
DA:482,0
DA:490,0
DA:492,0
DA:494,0
DA:495,0
DA:498,0
DA:501,0
DA:503,0
DA:505,0
DA:510,0
DA:512,0
DA:513,0
DA:515,0
DA:516,0
DA:519,0
DA:523,0
DA:524,0
DA:525,0
DA:527,0
DA:528,0
DA:529,0
DA:531,0
DA:533,0
DA:534,0
DA:535,0
DA:536,0
DA:540,0
DA:543,0
DA:553,0
DA:554,0
DA:557,0
DA:566,0
DA:568,0
DA:570,0
DA:571,0
DA:573,0
DA:574,0
DA:576,0
LF:192
LH:19
BRDA:10,0,0,29
BRDA:10,0,1,29
BRDA:10,0,2,29
BRDA:14,1,0,0
BRDA:14,1,1,0
BRDA:39,2,0,0
BRDA:39,3,0,0
BRDA:40,4,0,0
BRDA:40,4,1,20
BRDA:42,5,0,0
BRDA:42,5,1,20
BRDA:45,6,0,0
BRDA:45,6,1,20
BRDA:45,7,0,20
BRDA:45,7,1,0
BRDA:60,8,0,0
BRDA:61,9,0,8
BRDA:63,10,0,0
BRDA:63,10,1,20
BRDA:69,11,0,0
BRDA:69,11,1,20
BRDA:83,12,0,20
BRDA:83,12,1,0
BRDA:85,13,0,0
BRDA:85,13,1,20
BRDA:100,14,0,0
BRDA:101,15,0,0
BRDA:110,16,0,0
BRDA:110,16,1,0
BRDA:116,17,0,0
BRDA:116,17,1,0
BRDA:122,18,0,0
BRDA:122,18,1,0
BRDA:159,19,0,0
BRDA:161,20,0,0
BRDA:161,20,1,0
BRDA:168,21,0,0
BRDA:168,21,1,0
BRDA:171,22,0,0
BRDA:171,22,1,0
BRDA:184,23,0,0
BRDA:185,24,0,0
BRDA:185,24,1,0
BRDA:190,25,0,0
BRDA:190,25,1,0
BRDA:207,26,0,0
BRDA:207,26,1,0
BRDA:211,27,0,0
BRDA:211,27,1,0
BRDA:212,28,0,0
BRDA:212,28,1,0
BRDA:221,29,0,0
BRDA:221,29,1,0
BRDA:223,30,0,0
BRDA:223,30,1,0
BRDA:243,31,0,0
BRDA:243,31,1,0
BRDA:247,32,0,0
BRDA:247,32,1,0
BRDA:267,33,0,0
BRDA:267,33,1,0
BRDA:269,34,0,0
BRDA:269,34,1,0
BRDA:275,35,0,0
BRDA:275,35,1,0
BRDA:295,36,0,0
BRDA:295,36,1,0
BRDA:299,37,0,0
BRDA:299,37,1,0
BRDA:308,38,0,0
BRDA:308,38,1,0
BRDA:311,39,0,0
BRDA:311,39,1,0
BRDA:339,40,0,0
BRDA:339,40,1,0
BRDA:341,41,0,0
BRDA:341,41,1,0
BRDA:341,42,0,0
BRDA:341,42,1,0
BRDA:341,42,2,0
BRDA:343,43,0,0
BRDA:343,43,1,0
BRDA:344,44,0,0
BRDA:344,44,1,0
BRDA:344,44,2,0
BRDA:344,44,3,0
BRDA:344,44,4,0
BRDA:344,44,5,0
BRDA:344,44,6,0
BRDA:373,45,0,0
BRDA:373,45,1,0
BRDA:373,46,0,0
BRDA:373,46,1,0
BRDA:377,47,0,0
BRDA:377,47,1,0
BRDA:377,48,0,0
BRDA:377,48,1,0
BRDA:381,49,0,0
BRDA:381,49,1,0
BRDA:381,50,0,0
BRDA:381,50,1,0
BRDA:381,50,2,0
BRDA:386,51,0,0
BRDA:386,51,1,0
BRDA:386,52,0,0
BRDA:386,52,1,0
BRDA:386,52,2,0
BRDA:420,53,0,0
BRDA:420,53,1,0
BRDA:422,54,0,0
BRDA:422,54,1,0
BRDA:424,55,0,0
BRDA:424,55,1,0
BRDA:426,56,0,0
BRDA:426,56,1,0
BRDA:428,57,0,0
BRDA:428,57,1,0
BRDA:430,58,0,0
BRDA:430,58,1,0
BRDA:439,59,0,0
BRDA:439,59,1,0
BRDA:439,59,2,0
BRDA:444,60,0,0
BRDA:446,61,0,0
BRDA:446,61,1,0
BRDA:447,62,0,0
BRDA:447,62,1,0
BRDA:449,63,0,0
BRDA:449,63,1,0
BRDA:455,64,0,0
BRDA:456,65,0,0
BRDA:456,65,1,0
BRDA:456,66,0,0
BRDA:456,66,1,0
BRDA:478,67,0,0
BRDA:478,67,1,0
BRDA:490,68,0,0
BRDA:490,68,1,0
BRDA:494,69,0,0
BRDA:494,69,1,0
BRDA:512,70,0,0
BRDA:512,70,1,0
BRDA:515,71,0,0
BRDA:515,71,1,0
BRDA:523,72,0,0
BRDA:523,72,1,0
BRDA:524,73,0,0
BRDA:524,73,1,0
BRDA:528,74,0,0
BRDA:528,74,1,0
BRDA:533,75,0,0
BRDA:533,75,1,0
BRDA:537,76,0,0
BRDA:537,76,1,0
BRDA:553,77,0,0
BRDA:553,77,1,0
BRDA:566,78,0,0
BRDA:566,78,1,0
BRDA:570,79,0,0
BRDA:570,79,1,0
BRDA:570,80,0,0
BRDA:570,80,1,0
BRDA:573,81,0,0
BRDA:573,81,1,0
BRDA:573,82,0,0
BRDA:573,82,1,0
BRDA:573,82,2,0
BRDA:576,83,0,0
BRDA:576,83,1,0
BRF:169
BRH:12
end_of_record
TN:
SF:D:\learn\vue3-json-schame-form\lib\filelds\ArrayField.tsx
FN:49,(anonymous_0)
FN:52,(anonymous_1)
FN:55,(anonymous_2)
FN:56,(anonymous_3)
FN:58,(anonymous_4)
FN:59,(anonymous_5)
FN:86,(anonymous_6)
FN:88,(anonymous_7)
FN:94,(anonymous_8)
FN:100,(anonymous_9)
FN:106,(anonymous_10)
FN:116,(anonymous_11)
FN:127,(anonymous_12)
FN:136,(anonymous_13)
FN:142,(anonymous_14)
FN:150,(anonymous_15)
FN:151,(anonymous_16)
FN:164,(anonymous_17)
FN:171,(anonymous_18)
FNF:19
FNH:8
FNDA:2,(anonymous_0)
FNDA:2,(anonymous_1)
FNDA:0,(anonymous_2)
FNDA:0,(anonymous_3)
FNDA:0,(anonymous_4)
FNDA:0,(anonymous_5)
FNDA:3,(anonymous_6)
FNDA:0,(anonymous_7)
FNDA:0,(anonymous_8)
FNDA:0,(anonymous_9)
FNDA:0,(anonymous_10)
FNDA:0,(anonymous_11)
FNDA:3,(anonymous_12)
FNDA:2,(anonymous_13)
FNDA:0,(anonymous_14)
FNDA:2,(anonymous_15)
FNDA:2,(anonymous_16)
FNDA:0,(anonymous_17)
FNDA:3,(anonymous_18)
DA:1,3
DA:2,3
DA:3,3
DA:4,3
DA:5,3
DA:7,3
DA:25,3
DA:50,2
DA:51,2
DA:52,2
DA:53,2
DA:55,2
DA:56,2
DA:58,2
DA:59,2
DA:61,2
DA:83,3
DA:87,3
DA:88,3
DA:89,0
DA:90,0
DA:91,0
DA:92,0
DA:94,3
DA:95,0
DA:96,0
DA:97,0
DA:98,0
DA:100,3
DA:101,0
DA:102,0
DA:103,0
DA:104,0
DA:106,3
DA:107,0
DA:108,0
DA:110,0
DA:111,0
DA:112,0
DA:113,0
DA:114,0
DA:116,3
DA:117,0
DA:118,0
DA:119,0
DA:120,0
DA:122,0
DA:123,0
DA:124,0
DA:126,3
DA:127,3
DA:128,3
DA:129,3
DA:130,3
DA:131,3
DA:132,3
DA:133,3
DA:134,1
DA:135,1
DA:136,1
DA:137,2
DA:142,0
DA:147,2
DA:148,1
DA:150,1
DA:151,4
DA:164,0
DA:170,1
DA:171,3
DA:175,1
DA:183,0
LF:71
LH:42
BRDA:77,0,0,2
BRDA:77,0,1,2
BRDA:90,1,0,0
BRDA:90,1,1,0
BRDA:96,2,0,0
BRDA:96,2,1,0
BRDA:102,3,0,0
BRDA:102,3,1,0
BRDA:107,4,0,0
BRDA:107,4,1,0
BRDA:111,5,0,0
BRDA:111,5,1,0
BRDA:118,6,0,0
BRDA:118,6,1,0
BRDA:119,7,0,0
BRDA:119,7,1,0
BRDA:132,8,0,3
BRDA:132,8,1,3
BRDA:133,9,0,1
BRDA:133,9,1,2
BRDA:135,10,0,1
BRDA:135,10,1,0
BRDA:147,11,0,1
BRDA:147,11,1,1
BRDA:148,12,0,1
BRDA:148,12,1,0
BRF:26
BRH:10
end_of_record
TN:
SF:D:\learn\vue3-json-schame-form\lib\filelds\NumberField.tsx
FN:7,(anonymous_0)
FN:8,(anonymous_1)
FN:17,(anonymous_2)
FNF:3
FNH:2
FNDA:5,(anonymous_0)
FNDA:0,(anonymous_1)
FNDA:8,(anonymous_2)
DA:1,3
DA:2,3
DA:3,3
DA:4,3
DA:8,5
DA:9,0
DA:10,0
DA:11,0
DA:13,0
DA:16,5
DA:17,5
DA:18,8
DA:19,8
DA:21,8
LF:14
LH:10
BRDA:10,0,0,0
BRDA:10,0,1,0
BRF:2
BRH:0
end_of_record
TN:
SF:D:\learn\vue3-json-schame-form\lib\filelds\ObjectField.tsx
FN:23,(anonymous_0)
FN:25,(anonymous_1)
FN:35,(anonymous_2)
FN:40,(anonymous_3)
FN:46,(anonymous_4)
FNF:5
FNH:5
FNDA:3,(anonymous_0)
FNDA:3,(anonymous_1)
FNDA:6,(anonymous_2)
FNDA:12,(anonymous_3)
FNDA:3,(anonymous_4)
DA:1,3
DA:2,3
DA:3,3
DA:4,3
DA:8,3
DA:20,3
DA:24,3
DA:25,3
DA:26,3
DA:27,3
DA:28,1
DA:30,2
DA:32,3
DA:34,3
DA:35,3
DA:36,6
DA:37,6
DA:38,6
DA:39,6
DA:40,6
DA:41,12
DA:46,3
LF:22
LH:22
BRDA:26,0,0,3
BRDA:26,0,1,0
BRDA:27,1,0,1
BRDA:27,1,1,2
BRDA:38,2,0,6
BRDA:38,2,1,0
BRDA:39,3,0,6
BRDA:39,3,1,0
BRF:8
BRH:5
end_of_record
TN:
SF:D:\learn\vue3-json-schame-form\lib\filelds\StringField.tsx
FN:8,(anonymous_0)
FN:10,(anonymous_1)
FN:13,(anonymous_2)
FNF:3
FNH:2
FNDA:6,(anonymous_0)
FNDA:0,(anonymous_1)
FNDA:9,(anonymous_2)
DA:1,3
DA:3,3
DA:4,3
DA:5,3
DA:9,6
DA:10,6
DA:11,0
DA:13,6
DA:14,9
DA:16,9
DA:17,9
LF:11
LH:10
BRF:0
BRH:0
end_of_record
TN:
SF:D:\learn\vue3-json-schame-form\lib\theme-default\NumberWidget.tsx
FN:6,(anonymous_0)
FN:7,(anonymous_1)
FN:11,(anonymous_2)
FNF:3
FNH:3
FNDA:5,(anonymous_0)
FNDA:1,(anonymous_1)
FNDA:8,(anonymous_2)
DA:1,3
DA:2,3
DA:4,3
DA:7,5
DA:8,1
DA:9,1
DA:11,8
DA:17,3
LF:8
LH:8
BRF:0
BRH:0
end_of_record
TN:
SF:D:\learn\vue3-json-schame-form\lib\theme-default\SelectionWidget.tsx
FN:6,(anonymous_0)
FN:8,(anonymous_1)
FN:15,(anonymous_2)
FN:16,(anonymous_3)
FN:23,(anonymous_4)
FN:27,(anonymous_5)
FN:29,(anonymous_6)
FN:31,(anonymous_7)
FNF:8
FNH:5
FNDA:1,(anonymous_0)
FNDA:0,(anonymous_1)
FNDA:1,(anonymous_2)
FNDA:0,(anonymous_3)
FNDA:1,(anonymous_4)
FNDA:1,(anonymous_5)
FNDA:0,(anonymous_6)
FNDA:3,(anonymous_7)
DA:1,3
DA:2,3
DA:3,3
DA:7,1
DA:8,1
DA:9,0
DA:10,0
DA:14,1
DA:15,1
DA:17,0
DA:18,0
DA:23,1
DA:24,1
DA:27,1
DA:28,1
DA:29,1
DA:30,0
DA:31,3
DA:39,3
LF:19
LH:14
BRDA:9,0,0,0
BRDA:9,0,1,0
BRDA:17,1,0,0
BRDA:17,1,1,0
BRF:4
BRH:0
end_of_record
TN:
SF:D:\learn\vue3-json-schame-form\lib\theme-default\TextWidget.tsx
FN:6,(anonymous_0)
FN:7,(anonymous_1)
FN:11,(anonymous_2)
FNF:3
FNH:2
FNDA:6,(anonymous_0)
FNDA:0,(anonymous_1)
FNDA:9,(anonymous_2)
DA:1,3
DA:2,3
DA:4,3
DA:7,6
DA:8,0
DA:9,0
DA:11,9
DA:17,3
LF:8
LH:6
BRF:0
BRH:0
end_of_record
TN:
SF:D:\learn\vue3-json-schame-form\lib\theme-default\index.tsx
FNF:0
FNH:0
DA:1,3
DA:2,3
DA:3,3
DA:12,3
LF:4
LH:4
BRF:0
BRH:0
end_of_record
TN:
SF:D:\learn\vue3-json-schame-form\lib\widgets\Selection.tsx
FN:21,(anonymous_0)
FN:23,(anonymous_1)
FN:30,(anonymous_2)
FN:31,(anonymous_3)
FN:38,(anonymous_4)
FN:42,(anonymous_5)
FN:44,(anonymous_6)
FN:46,(anonymous_7)
FNF:8
FNH:0
FNDA:0,(anonymous_0)
FNDA:0,(anonymous_1)
FNDA:0,(anonymous_2)
FNDA:0,(anonymous_3)
FNDA:0,(anonymous_4)
FNDA:0,(anonymous_5)
FNDA:0,(anonymous_6)
FNDA:0,(anonymous_7)
DA:1,3
DA:3,3
DA:22,0
DA:23,0
DA:24,0
DA:25,0
DA:29,0
DA:30,0
DA:32,0
DA:33,0
DA:38,0
DA:39,0
DA:42,0
DA:43,0
DA:44,0
DA:45,0
DA:46,0
LF:17
LH:2
BRDA:24,0,0,0
BRDA:24,0,1,0
BRDA:32,1,0,0
BRDA:32,1,1,0
BRF:4
BRH:0
end_of_record
TN:
SF:D:\learn\vue3-json-schame-form\tests\unit\utils\TestComponent.tsx
FN:20,(anonymous_0)
FN:21,(anonymous_1)
FN:22,(anonymous_2)
FNF:3
FNH:3
FNDA:7,(anonymous_0)
FNDA:7,(anonymous_1)
FNDA:7,(anonymous_2)
DA:1,3
DA:2,3
DA:3,3
DA:5,3
DA:21,7
DA:22,14
LF:6
LH:6
BRF:0
BRH:0
end_of_record
